[smashcamp.xyz/index.html]
[backblue.gif]
[fade.gif]
[index.html]
[smashcamp.xyz/assets/favicon/apple-touch-icon-700c1729390e4bcd80dc524d7653b62dda017558cf466c36024d3978edbf5cb4.png]
[smashcamp.xyz/assets/favicon/favicon-32x32-b1a4d2e53b6d3fb34b15b9d34f672b09a21abed2d26fb0725df849c894380d4e.png]
[smashcamp.xyz/assets/favicon/android-chrome-192x192-2f380ee5306769371f6194b4d99b518127fcf8dd3d2f57e5e5fb030182fc59f0.png]
[smashcamp.xyz/assets/favicon/favicon-16x16-908a87cfc50ab33620dacb12c1ab067b27e9035386de14d78d2a725224f4320d.png]
[smashcamp.xyz/assets/favicon/site-2273664cb123a850b88677114fec041d66e61381cf6f35321e26f35311cddb4b.webmanifest]
[smashcamp.xyz/assets/favicon/safari-pinned-tab-41e528224200cf9a750bbc9c81666db7481bf71e80b699e423bf4b41ecd9bdbd.svg]
[smashcamp.xyz/assets/favicon/browserconfig-89cc29691fea276c02cfd1e91f982350cfe9295959710b66c9a60badf55e7f8a.xml]
[smashcamp.xyz/assets/application-553ded0ac6a080f3591b1de83dc8d2afbed2f7facb00d7c6e20658841a9430d3.css]
[smashcamp.xyz/pre-camp.html]
[smashcamp.xyz/packs/js/application-90e415ce93f65fd52e2e.js]
[smashcamp.xyz/days/1.html]
[smashcamp.xyz/days/2.html]
[smashcamp.xyz/days/3.html]
[smashcamp.xyz/days/4.html]
[smashcamp.xyz/days/5.html]
[smashcamp.xyz/conclusion.html]
[smashcamp.xyz/events/side-events.html]
[smashcamp.xyz/events.html]
[smashcamp.xyz/pages/hall_of_fame.html]
[smashcamp.xyz/stardivider.png]
[smashcamp.xyz/SmashCamp.png]
[smashcamp.xyz/NeonGenesisSmashCamp.png]
[smashcamp.xyz/index.html]
[smashcamp.xyz/SmashCamp.html]
[smashcamp.xyz/assets/favicon/safari-pinned-tab-41e528224200cf9a750bbc9c81666db7481bf71e80b699e423bf4b41ecd9bdbd.svg]
[smashcamp.xyz/assets/application-553ded0ac6a080f3591b1de83dc8d2afbed2f7facb00d7c6e20658841a9430d3.css]
[smashcamp.xyz/events/28.html]
[smashcamp.xyz/events/29.html]
[smashcamp.xyz/events/52.html]
[smashcamp.xyz/events/41.html]
[smashcamp.xyz/events/38.html]
[smashcamp.xyz/events/39.html]
[smashcamp.xyz/pre-camp.html]
[smashcamp.xyz/events/31.html]
[smashcamp.xyz/assets/SmashCamp-f3e1bb9b2fe8fe5803fae7f2e949fceabebde9d72498a14afa8385f458a72e5a.png]
[smashcamp.xyz/REEEE.html]
[smashcamp.xyz/assets/stardivider-dd810b73e53041cad6c10947719a83c4b916b2caffcaebc3974ed966f222968c.png]
[smashcamp.xyz/assets/WelcomeToDay1-eac4824b3060d2d93b204c6916b40e391ab69eee74877bb09154cec442df48b5.png]
[smashcamp.xyz/rails/active_storage/disk/eyJfcmFpbHMiOnsibWVzc2FnZSI6IkJBaDdDVG9JYTJWNVN/Submission Guidelines.png_; filename_=UTF-8''Submission%20Guidelines.png]
[smashcamp.xyz/rails/active_storage/disk/eyJfcmFpbHMiOnsibWVzc2FnZSI6IkJBaDdDVG9JYTJWNVN/Submission Guidelines.png_; filename_=UTF-8''Submission%20Guidelines-2.png]
[smashcamp.xyz/rails/active_storage/disk/eyJfcmFpbHMiOnsibWVzc2FnZSI6IkJBaDdDVG9JYTJWNVN/Todays Activities.png_; filename_=UTF-8''Todays%20Activities.png]
[smashcamp.xyz/rails/active_storage/disk/eyJfcmFpbHMiOnsibWVzc2FnZSI6IkJBaDdDVG9JYTJWNVN/Todays Activities.png_; filename_=UTF-8''Todays%20Activities-2.png]
[smashcamp.xyz/rails/active_storage/disk/eyJfcmFpbHMiOnsibWVzc2FnZSI6IkJBaDdDVG9JYTJWNVN/urdl.png_; filename_=UTF-8''urdl.png]
[smashcamp.xyz/rails/active_storage/disk/eyJfcmFpbHMiOnsibWVzc2FnZSI6IkJBaDdDVG9JYTJWNVN/urdl.png_; filename_=UTF-8''urdl-2.png]
[smashcamp.xyz/rails/active_storage/disk/eyJfcmFpbHMiOnsibWVzc2FnZSI6IkJBaDdDVG9JYTJWNVN/crazyflips.png_; filename_=UTF-8''crazyflips.png]
[smashcamp.xyz/rails/active_storage/disk/eyJfcmFpbHMiOnsibWVzc2FnZSI6IkJBaDdDVG9JYTJWNVN/crazyflips.png_; filename_=UTF-8''crazyflips-2.png]
[smashcamp.xyz/rails/active_storage/disk/eyJfcmFpbHMiOnsibWVzc2FnZSI6IkJBaDdDVG9JYTJWNVN/mouse.png_; filename_=UTF-8''mouse.png]
[smashcamp.xyz/rails/active_storage/disk/eyJfcmFpbHMiOnsibWVzc2FnZSI6IkJBaDdDVG9JYTJWNVN/mouse.png_; filename_=UTF-8''mouse-2.png]
[smashcamp.xyz/rails/active_storage/disk/eyJfcmFpbHMiOnsibWVzc2FnZSI6IkJBaDdDVG9JYTJWNVN/spider.png_; filename_=UTF-8''spider.png]
[smashcamp.xyz/rails/active_storage/disk/eyJfcmFpbHMiOnsibWVzc2FnZSI6IkJBaDdDVG9JYTJWNVN/spider.png_; filename_=UTF-8''spider-2.png]
[smashcamp.xyz/rails/active_storage/disk/eyJfcmFpbHMiOnsibWVzc2FnZSI6IkJBaDdDVG9JYTJWNVN/dragon.png_; filename_=UTF-8''dragon.png]
[smashcamp.xyz/rails/active_storage/disk/eyJfcmFpbHMiOnsibWVzc2FnZSI6IkJBaDdDVG9JYTJWNVN/dragon.png_; filename_=UTF-8''dragon-2.png]
[smashcamp.xyz/rails/active_storage/disk/eyJfcmFpbHMiOnsibWVzc2FnZSI6IkJBaDdDVG9JYTJWNVN/cabin5.jpg_; filename_=UTF-8''cabin5.jpg]
[smashcamp.xyz/rails/active_storage/disk/eyJfcmFpbHMiOnsibWVzc2FnZSI6IkJBaDdDVG9JYTJWNVN/cabin5.jpg_; filename_=UTF-8''cabin5-2.jpg]
[smashcamp.xyz/days/1.html]
[smashcamp.xyz/assets/WelcomeToDay2-f4df9d6ffa8a11ae5fff3b354be47feda260f6855202d5bd63ec3a3e423d866e.png]
[smashcamp.xyz/assets/Results-e5362034d7c22d33a33d7c0c62409edb10c6952424f26de3e11794470308bec6.png]
[smashcamp.xyz/Cabin1.png]
[smashcamp.xyz/Cabin2.png]
[smashcamp.xyz/Cabin3.png]
[smashcamp.xyz/Cabin4.png]
[smashcamp.xyz/rails/active_storage/disk/eyJfcmFpbHMiOnsibWVzc2FnZSI6IkJBaDdDVG9JYTJWNVN/IMG_7862.jpg_; filename_=UTF-8''IMG_7862.jpg]
[smashcamp.xyz/rails/active_storage/disk/eyJfcmFpbHMiOnsibWVzc2FnZSI6IkJBaDdDVG9JYTJWNVN/IMG_7862.jpg_; filename_=UTF-8''IMG_7862-2.jpg]
[smashcamp.xyz/rails/active_storage/disk/eyJfcmFpbHMiOnsibWVzc2FnZSI6IkJBaDdDVG9JYTJWNVN/IMG_18211.png_; filename_=UTF-8''IMG_18211.png]
[smashcamp.xyz/rails/active_storage/disk/eyJfcmFpbHMiOnsibWVzc2FnZSI6IkJBaDdDVG9JYTJWNVN/IMG_18211.png_; filename_=UTF-8''IMG_18211-2.png]
[smashcamp.xyz/rails/active_storage/disk/eyJfcmFpbHMiOnsibWVzc2FnZSI6IkJBaDdDVG9JYTJWNVN/20230625_223928.png_; filename_=UTF-8''20230625_223928.png]
[smashcamp.xyz/rails/active_storage/disk/eyJfcmFpbHMiOnsibWVzc2FnZSI6IkJBaDdDVG9JYTJWNVN/20230625_223928.png_; filename_=UTF-8''20230625_223928-2.png]
[smashcamp.xyz/rails/active_storage/disk/eyJfcmFpbHMiOnsibWVzc2FnZSI6IkJBaDdDVG9JYTJWNVN/blockedup.png_; filename_=UTF-8''blockedup.png]
[smashcamp.xyz/rails/active_storage/disk/eyJfcmFpbHMiOnsibWVzc2FnZSI6IkJBaDdDVG9JYTJWNVN/blockedup.png_; filename_=UTF-8''blockedup-2.png]
[smashcamp.xyz/rails/active_storage/disk/eyJfcmFpbHMiOnsibWVzc2FnZSI6IkJBaDdDVG9JYTJWNVN/oneroom.png_; filename_=UTF-8''oneroom.png]
[smashcamp.xyz/rails/active_storage/disk/eyJfcmFpbHMiOnsibWVzc2FnZSI6IkJBaDdDVG9JYTJWNVN/oneroom.png_; filename_=UTF-8''oneroom-2.png]
[smashcamp.xyz/rails/active_storage/disk/eyJfcmFpbHMiOnsibWVzc2FnZSI6IkJBaDdDVG9JYTJWNVN/parking.png_; filename_=UTF-8''parking.png]
[smashcamp.xyz/rails/active_storage/disk/eyJfcmFpbHMiOnsibWVzc2FnZSI6IkJBaDdDVG9JYTJWNVN/parking.png_; filename_=UTF-8''parking-2.png]
[smashcamp.xyz/rails/active_storage/disk/eyJfcmFpbHMiOnsibWVzc2FnZSI6IkJBaDdDVG9JYTJWNVN/car.png_; filename_=UTF-8''car.png]
[smashcamp.xyz/rails/active_storage/disk/eyJfcmFpbHMiOnsibWVzc2FnZSI6IkJBaDdDVG9JYTJWNVN/car.png_; filename_=UTF-8''car-2.png]
[smashcamp.xyz/rails/active_storage/disk/eyJfcmFpbHMiOnsibWVzc2FnZSI6IkJBaDdDVG9JYTJWNVN/cone.png_; filename_=UTF-8''cone.png]
[smashcamp.xyz/rails/active_storage/disk/eyJfcmFpbHMiOnsibWVzc2FnZSI6IkJBaDdDVG9JYTJWNVN/cone.png_; filename_=UTF-8''cone-2.png]
[smashcamp.xyz/rails/active_storage/disk/eyJfcmFpbHMiOnsibWVzc2FnZSI6IkJBaDdDVG9JYTJWNVN/hot.jpg_; filename_=UTF-8''hot.jpg]
[smashcamp.xyz/rails/active_storage/disk/eyJfcmFpbHMiOnsibWVzc2FnZSI6IkJBaDdDVG9JYTJWNVN/hot.jpg_; filename_=UTF-8''hot-2.jpg]
[smashcamp.xyz/rails/active_storage/disk/eyJfcmFpbHMiOnsibWVzc2FnZSI6IkJBaDdDVG9JYTJWNVN/dog.png_; filename_=UTF-8''dog.png]
[smashcamp.xyz/rails/active_storage/disk/eyJfcmFpbHMiOnsibWVzc2FnZSI6IkJBaDdDVG9JYTJWNVN/dog.png_; filename_=UTF-8''dog-2.png]
[smashcamp.xyz/days/2.html]
[smashcamp.xyz/assets/WelcomeToDay3-6d0f26a267877c681f9b1b0cd13563ca2a05b4a6e273d6a4ce5c681306ca4b7f.png]
[smashcamp.xyz/rails/active_storage/disk/eyJfcmFpbHMiOnsibWVzc2FnZSI6IkJBaDdDVG9JYTJWNVN/20230627_150811.jpg_; filename_=UTF-8''20230627_150811.jpg]
[smashcamp.xyz/rails/active_storage/disk/eyJfcmFpbHMiOnsibWVzc2FnZSI6IkJBaDdDVG9JYTJWNVN/20230627_150811.jpg_; filename_=UTF-8''20230627_150811-2.jpg]
[smashcamp.xyz/rails/active_storage/disk/eyJfcmFpbHMiOnsibWVzc2FnZSI6IkJBaDdDVG9JYTJWNVN/image0.jpg_; filename_=UTF-8''image0.jpg]
[smashcamp.xyz/rails/active_storage/disk/eyJfcmFpbHMiOnsibWVzc2FnZSI6IkJBaDdDVG9JYTJWNVN/image0.jpg_; filename_=UTF-8''image0-2.jpg]
[smashcamp.xyz/rails/active_storage/disk/eyJfcmFpbHMiOnsibWVzc2FnZSI6IkJBaDdDVG9JYTJWNVN/IMG_3091.jpg_; filename_=UTF-8''IMG_3091.jpg]
[smashcamp.xyz/rails/active_storage/disk/eyJfcmFpbHMiOnsibWVzc2FnZSI6IkJBaDdDVG9JYTJWNVN/IMG_3091.jpg_; filename_=UTF-8''IMG_3091-2.jpg]
[smashcamp.xyz/rails/active_storage/disk/eyJfcmFpbHMiOnsibWVzc2FnZSI6IkJBaDdDVG9JYTJWNVN/express.png_; filename_=UTF-8''express.png]
[smashcamp.xyz/rails/active_storage/disk/eyJfcmFpbHMiOnsibWVzc2FnZSI6IkJBaDdDVG9JYTJWNVN/express.png_; filename_=UTF-8''express-2.png]
[smashcamp.xyz/rails/active_storage/disk/eyJfcmFpbHMiOnsibWVzc2FnZSI6IkJBaDdDVG9JYTJWNVN/tapta%5B.png_; filename_=UTF-8''tapta%5B.png]
[smashcamp.xyz/rails/active_storage/disk/eyJfcmFpbHMiOnsibWVzc2FnZSI6IkJBaDdDVG9JYTJWNVN/tapta%5B.png_; filename_=UTF-8''tapta%5B-2.png]
[smashcamp.xyz/rails/active_storage/disk/eyJfcmFpbHMiOnsibWVzc2FnZSI6IkJBaDdDVG9JYTJWNVN/phone.png_; filename_=UTF-8''phone.png]
[smashcamp.xyz/rails/active_storage/disk/eyJfcmFpbHMiOnsibWVzc2FnZSI6IkJBaDdDVG9JYTJWNVN/phone.png_; filename_=UTF-8''phone-2.png]
[smashcamp.xyz/rails/active_storage/disk/eyJfcmFpbHMiOnsibWVzc2FnZSI6IkJBaDdDVG9JYTJWNVN/game.png_; filename_=UTF-8''game.png]
[smashcamp.xyz/rails/active_storage/disk/eyJfcmFpbHMiOnsibWVzc2FnZSI6IkJBaDdDVG9JYTJWNVN/game.png_; filename_=UTF-8''game-2.png]
[smashcamp.xyz/rails/active_storage/disk/eyJfcmFpbHMiOnsibWVzc2FnZSI6IkJBaDdDVG9JYTJWNVN/clock.png_; filename_=UTF-8''clock.png]
[smashcamp.xyz/rails/active_storage/disk/eyJfcmFpbHMiOnsibWVzc2FnZSI6IkJBaDdDVG9JYTJWNVN/clock.png_; filename_=UTF-8''clock-2.png]
[smashcamp.xyz/days/3.html]
[smashcamp.xyz/assets/WelcomeToDay4-a6bd37762f120e9040cfe0e513370920a0ba59581319b41044bf04416b71ef5c.png]
[smashcamp.xyz/rails/active_storage/disk/eyJfcmFpbHMiOnsibWVzc2FnZSI6IkJBaDdDVG9JYTJWNVN/PXL_20230629_002009337.jpg_; filename_=UTF-8''PXL_20230629_002009337.jpg]
[smashcamp.xyz/rails/active_storage/disk/eyJfcmFpbHMiOnsibWVzc2FnZSI6IkJBaDdDVG9JYTJWNVN/PXL_20230629_002009337.jpg_; filename_=UTF-8''PXL_20230629_002009337-2.jpg]
[smashcamp.xyz/rails/active_storage/disk/eyJfcmFpbHMiOnsibWVzc2FnZSI6IkJBaDdDVG9JYTJWNVN/IMG_20230628_152652673.jpg_; filename_=UTF-8''IMG_20230628_152652673.jpg]
[smashcamp.xyz/rails/active_storage/disk/eyJfcmFpbHMiOnsibWVzc2FnZSI6IkJBaDdDVG9JYTJWNVN/IMG_20230628_152652673.jpg_; filename_=UTF-8''IMG_20230628_152652673-2.jpg]
[smashcamp.xyz/rails/active_storage/disk/eyJfcmFpbHMiOnsibWVzc2FnZSI6IkJBaDdDVG9JYTJWNVN/IMG_2292.jpg_; filename_=UTF-8''IMG_2292.jpg]
[smashcamp.xyz/rails/active_storage/disk/eyJfcmFpbHMiOnsibWVzc2FnZSI6IkJBaDdDVG9JYTJWNVN/IMG_2292.jpg_; filename_=UTF-8''IMG_2292-2.jpg]
[smashcamp.xyz/rails/active_storage/disk/eyJfcmFpbHMiOnsibWVzc2FnZSI6IkJBaDdDVG9JYTJWNVN/diepound.png_; filename_=UTF-8''diepound.png]
[smashcamp.xyz/rails/active_storage/disk/eyJfcmFpbHMiOnsibWVzc2FnZSI6IkJBaDdDVG9JYTJWNVN/diepound.png_; filename_=UTF-8''diepound-2.png]
[smashcamp.xyz/rails/active_storage/disk/eyJfcmFpbHMiOnsibWVzc2FnZSI6IkJBaDdDVG9JYTJWNVN/aimtrainer.png_; filename_=UTF-8''aimtrainer.png]
[smashcamp.xyz/rails/active_storage/disk/eyJfcmFpbHMiOnsibWVzc2FnZSI6IkJBaDdDVG9JYTJWNVN/aimtrainer.png_; filename_=UTF-8''aimtrainer-2.png]
[smashcamp.xyz/rails/active_storage/disk/eyJfcmFpbHMiOnsibWVzc2FnZSI6IkJBaDdDVG9JYTJWNVN/bridge.png_; filename_=UTF-8''bridge.png]
[smashcamp.xyz/rails/active_storage/disk/eyJfcmFpbHMiOnsibWVzc2FnZSI6IkJBaDdDVG9JYTJWNVN/bridge.png_; filename_=UTF-8''bridge-2.png]
[smashcamp.xyz/rails/active_storage/disk/eyJfcmFpbHMiOnsibWVzc2FnZSI6IkJBaDdDVG9JYTJWNVN/crayon.png_; filename_=UTF-8''crayon.png]
[smashcamp.xyz/rails/active_storage/disk/eyJfcmFpbHMiOnsibWVzc2FnZSI6IkJBaDdDVG9JYTJWNVN/crayon.png_; filename_=UTF-8''crayon-2.png]
[smashcamp.xyz/rails/active_storage/disk/eyJfcmFpbHMiOnsibWVzc2FnZSI6IkJBaDdDVG9JYTJWNVN/hula.png_; filename_=UTF-8''hula.png]
[smashcamp.xyz/rails/active_storage/disk/eyJfcmFpbHMiOnsibWVzc2FnZSI6IkJBaDdDVG9JYTJWNVN/hula.png_; filename_=UTF-8''hula-2.png]
[smashcamp.xyz/rails/active_storage/disk/eyJfcmFpbHMiOnsibWVzc2FnZSI6IkJBaDdDVG9JYTJWNVN/hot.jpg_; filename_=UTF-8''hot-3.jpg]
[smashcamp.xyz/rails/active_storage/disk/eyJfcmFpbHMiOnsibWVzc2FnZSI6IkJBaDdDVG9JYTJWNVN/hot.jpg_; filename_=UTF-8''hot-4.jpg]
[smashcamp.xyz/rails/active_storage/disk/eyJfcmFpbHMiOnsibWVzc2FnZSI6IkJBaDdDVG9JYTJWNVN/dog.png_; filename_=UTF-8''dog-3.png]
[smashcamp.xyz/rails/active_storage/disk/eyJfcmFpbHMiOnsibWVzc2FnZSI6IkJBaDdDVG9JYTJWNVN/dog.png_; filename_=UTF-8''dog-4.png]
[smashcamp.xyz/days/4.html]
[smashcamp.xyz/assets/WelcomeToDay5-fca67cf19654408b0416a51a8f91b59a1751fb0932f83803ae5e64271013055a.png]
[smashcamp.xyz/rails/active_storage/disk/eyJfcmFpbHMiOnsibWVzc2FnZSI6IkJBaDdDVG9JYTJWNVN/IMG_2298.jpg_; filename_=UTF-8''IMG_2298.jpg]
[smashcamp.xyz/rails/active_storage/disk/eyJfcmFpbHMiOnsibWVzc2FnZSI6IkJBaDdDVG9JYTJWNVN/IMG_2298.jpg_; filename_=UTF-8''IMG_2298-2.jpg]
[smashcamp.xyz/rails/active_storage/disk/eyJfcmFpbHMiOnsibWVzc2FnZSI6IkJBaDdDVG9JYTJWNVN/IMG_3078.jpg_; filename_=UTF-8''IMG_3078.jpg]
[smashcamp.xyz/rails/active_storage/disk/eyJfcmFpbHMiOnsibWVzc2FnZSI6IkJBaDdDVG9JYTJWNVN/IMG_3078.jpg_; filename_=UTF-8''IMG_3078-2.jpg]
[smashcamp.xyz/rails/active_storage/disk/eyJfcmFpbHMiOnsibWVzc2FnZSI6IkJBaDdDVG9JYTJWNVN/bemuse.png_; filename_=UTF-8''bemuse.png]
[smashcamp.xyz/rails/active_storage/disk/eyJfcmFpbHMiOnsibWVzc2FnZSI6IkJBaDdDVG9JYTJWNVN/bemuse.png_; filename_=UTF-8''bemuse-2.png]
[smashcamp.xyz/rails/active_storage/disk/eyJfcmFpbHMiOnsibWVzc2FnZSI6IkJBaDdDVG9JYTJWNVN/hyper.png_; filename_=UTF-8''hyper.png]
[smashcamp.xyz/rails/active_storage/disk/eyJfcmFpbHMiOnsibWVzc2FnZSI6IkJBaDdDVG9JYTJWNVN/hyper.png_; filename_=UTF-8''hyper-2.png]
[smashcamp.xyz/rails/active_storage/disk/eyJfcmFpbHMiOnsibWVzc2FnZSI6IkJBaDdDVG9JYTJWNVN/flannel.png_; filename_=UTF-8''flannel.png]
[smashcamp.xyz/rails/active_storage/disk/eyJfcmFpbHMiOnsibWVzc2FnZSI6IkJBaDdDVG9JYTJWNVN/flannel.png_; filename_=UTF-8''flannel-2.png]
[smashcamp.xyz/rails/active_storage/disk/eyJfcmFpbHMiOnsibWVzc2FnZSI6IkJBaDdDVG9JYTJWNVN/heart.png_; filename_=UTF-8''heart.png]
[smashcamp.xyz/rails/active_storage/disk/eyJfcmFpbHMiOnsibWVzc2FnZSI6IkJBaDdDVG9JYTJWNVN/heart.png_; filename_=UTF-8''heart-2.png]
[smashcamp.xyz/rails/active_storage/disk/eyJfcmFpbHMiOnsibWVzc2FnZSI6IkJBaDdDVG9JYTJWNVN/pumpkin.png_; filename_=UTF-8''pumpkin.png]
[smashcamp.xyz/rails/active_storage/disk/eyJfcmFpbHMiOnsibWVzc2FnZSI6IkJBaDdDVG9JYTJWNVN/pumpkin.png_; filename_=UTF-8''pumpkin-2.png]
[smashcamp.xyz/days/5.html]
[smashcamp.xyz/rails/active_storage/disk/eyJfcmFpbHMiOnsibWVzc2FnZSI6IkJBaDdDVG9JYTJWNVN/39ncGn3.png_; filename_=UTF-8''39ncGn3.png]
[smashcamp.xyz/rails/active_storage/disk/eyJfcmFpbHMiOnsibWVzc2FnZSI6IkJBaDdDVG9JYTJWNVN/39ncGn3.png_; filename_=UTF-8''39ncGn3-2.png]
[smashcamp.xyz/rails/active_storage/disk/eyJfcmFpbHMiOnsibWVzc2FnZSI6IkJBaDdDVG9JYTJWNVN/20230630_230306.jpg_; filename_=UTF-8''20230630_230306.jpg]
[smashcamp.xyz/rails/active_storage/disk/eyJfcmFpbHMiOnsibWVzc2FnZSI6IkJBaDdDVG9JYTJWNVN/20230630_230306.jpg_; filename_=UTF-8''20230630_230306-2.jpg]
[smashcamp.xyz/rails/active_storage/disk/eyJfcmFpbHMiOnsibWVzc2FnZSI6IkJBaDdDVG9JYTJWNVN/IMG_1672.jpg_; filename_=UTF-8''IMG_1672.jpg]
[smashcamp.xyz/rails/active_storage/disk/eyJfcmFpbHMiOnsibWVzc2FnZSI6IkJBaDdDVG9JYTJWNVN/IMG_1672.jpg_; filename_=UTF-8''IMG_1672-2.jpg]
[smashcamp.xyz/MostCreative2023.png]
[smashcamp.xyz/MostCompetitive2023.png]
[smashcamp.xyz/Friendliest2023.png]
[smashcamp.xyz/Funniest2023.png]
[smashcamp.xyz/OverallBest2023.png]
[smashcamp.xyz/Saltiest2023.png]
[smashcamp.xyz/BiggestDick2023.png]
[smashcamp.xyz/BestRookie2023.png]
[smashcamp.xyz/trophy_of_champions2023.png]
[smashcamp.xyz/here-lies-smash-camp.png]
[smashcamp.xyz/conclusion.html]
[smashcamp.xyz/events/55.html]
[smashcamp.xyz/events/32.html]
[smashcamp.xyz/events/54.html]
[smashcamp.xyz/events/40.html]
[smashcamp.xyz/events/33.html]
[smashcamp.xyz/events/34.html]
[smashcamp.xyz/events/36.html]
[smashcamp.xyz/events/side-events.html]
[smashcamp.xyz/events/53.html]
[smashcamp.xyz/events/1.html]
[smashcamp.xyz/events/2.html]
[smashcamp.xyz/events/3.html]
[smashcamp.xyz/events/4.html]
[smashcamp.xyz/events/5.html]
[smashcamp.xyz/events/50.html]
[smashcamp.xyz/events/10.html]
[smashcamp.xyz/events/6.html]
[smashcamp.xyz/events/7.html]
[smashcamp.xyz/events/8.html]
[smashcamp.xyz/events/9.html]
[smashcamp.xyz/events/11.html]
[smashcamp.xyz/events/12.html]
[smashcamp.xyz/events/15.html]
[smashcamp.xyz/events/16.html]
[smashcamp.xyz/events/25.html]
[smashcamp.xyz/events/17.html]
[smashcamp.xyz/events/18.html]
[smashcamp.xyz/events/19.html]
[smashcamp.xyz/events/20.html]
[smashcamp.xyz/events/21.html]
[smashcamp.xyz/events/22.html]
[smashcamp.xyz/events/13.html]
[smashcamp.xyz/events/24.html]
[smashcamp.xyz/events/26.html]
[smashcamp.xyz/events/27.html]
[smashcamp.xyz/events/51.html]
[smashcamp.xyz/events/48.html]
[smashcamp.xyz/events/49.html]
[smashcamp.xyz/events.html]
[smashcamp.xyz/events/56.html]
[smashcamp.xyz/pages/hall_of_fame.html]
[smashcamp.xyz/assets/chosen-js/chosen-sprite.png]
[smashcamp.xyz/assets/chosen-js/chosen-sprite@2x.png]
[smashcamp.xyz/assets/chosen-js/chosen.min.css]
[smashcamp.xyz/assets/bootstrap4c-chosen/dist/css/component-chosen.min.css]
[smashcamp.xyz/rails/active_storage/disk/eyJfcmFpbHMiOnsibWVzc2FnZSI6IkJBaDdDVG9JYTJWNVN/Screenshot_6.png_; filename_=UTF-8''Screenshot_6.png]
[smashcamp.xyz/rails/active_storage/disk/eyJfcmFpbHMiOnsibWVzc2FnZSI6IkJBaDdDVG9JYTJWNVN/Screenshot_6.png_; filename_=UTF-8''Screenshot_6-2.png]
[smashcamp.xyz/rails/active_storage/disk/eyJfcmFpbHMiOnsibWVzc2FnZSI6IkJBaDdDVG9JYTJWNVN/Screenshot_7.jpg_; filename_=UTF-8''Screenshot_7.jpg]
[smashcamp.xyz/rails/active_storage/disk/eyJfcmFpbHMiOnsibWVzc2FnZSI6IkJBaDdDVG9JYTJWNVN/Screenshot_7.jpg_; filename_=UTF-8''Screenshot_7-2.jpg]
[smashcamp.xyz/events/28.html]
[smashcamp.xyz/rails/active_storage/disk/eyJfcmFpbHMiOnsibWVzc2FnZSI6IkJBaDdDVG9JYTJWNVN/image.png_; filename_=UTF-8''image.png]
[smashcamp.xyz/rails/active_storage/disk/eyJfcmFpbHMiOnsibWVzc2FnZSI6IkJBaDdDVG9JYTJWNVN/image.png_; filename_=UTF-8''image-2.png]
[smashcamp.xyz/events/29.html]
[smashcamp.xyz/rails/active_storage/disk/eyJfcmFpbHMiOnsibWVzc2FnZSI6IkJBaDdDVG9JYTJWNVN/rock.png_; filename_=UTF-8''rock.png]
[smashcamp.xyz/rails/active_storage/disk/eyJfcmFpbHMiOnsibWVzc2FnZSI6IkJBaDdDVG9JYTJWNVN/rock.png_; filename_=UTF-8''rock-2.png]
[smashcamp.xyz/events/52.html]
[smashcamp.xyz/rails/active_storage/disk/eyJfcmFpbHMiOnsibWVzc2FnZSI6IkJBaDdDVG9JYTJWNVN/Screenshot_3.png_; filename_=UTF-8''Screenshot_3.png]
[smashcamp.xyz/rails/active_storage/disk/eyJfcmFpbHMiOnsibWVzc2FnZSI6IkJBaDdDVG9JYTJWNVN/Screenshot_3.png_; filename_=UTF-8''Screenshot_3-2.png]
[smashcamp.xyz/events/41.html]
[smashcamp.xyz/rails/active_storage/disk/eyJfcmFpbHMiOnsibWVzc2FnZSI6IkJBaDdDVG9JYTJWNVN/eim.png_; filename_=UTF-8''eim.png]
[smashcamp.xyz/rails/active_storage/disk/eyJfcmFpbHMiOnsibWVzc2FnZSI6IkJBaDdDVG9JYTJWNVN/eim.png_; filename_=UTF-8''eim-2.png]
[smashcamp.xyz/events/38.html]
[smashcamp.xyz/rails/active_storage/disk/eyJfcmFpbHMiOnsibWVzc2FnZSI6IkJBaDdDVG9JYTJWNVN/Screenshot_5.png_; filename_=UTF-8''Screenshot_5.png]
[smashcamp.xyz/rails/active_storage/disk/eyJfcmFpbHMiOnsibWVzc2FnZSI6IkJBaDdDVG9JYTJWNVN/Screenshot_5.png_; filename_=UTF-8''Screenshot_5-2.png]
[smashcamp.xyz/events/39.html]
[smashcamp.xyz/rails/active_storage/disk/eyJfcmFpbHMiOnsibWVzc2FnZSI6IkJBaDdDVG9JYTJWNVN/image.png_; filename_=UTF-8''image-3.png]
[smashcamp.xyz/rails/active_storage/disk/eyJfcmFpbHMiOnsibWVzc2FnZSI6IkJBaDdDVG9JYTJWNVN/image.png_; filename_=UTF-8''image-4.png]
[smashcamp.xyz/events/31.html]
[smashcamp.xyz/assets/REEEE-cb28118efbfb9237e010afec3c87f05017cf5d438df5b2f1710ffbac9c1e17c8.png]
[smashcamp.xyz/REEEE.html]
[smashcamp.xyz/rails/active_storage/disk/eyJfcmFpbHMiOnsibWVzc2FnZSI6IkJBaDdDVG9JYTJWNVN/image.png_; filename_=UTF-8''image-5.png]
[smashcamp.xyz/rails/active_storage/disk/eyJfcmFpbHMiOnsibWVzc2FnZSI6IkJBaDdDVG9JYTJWNVN/image.png_; filename_=UTF-8''image-6.png]
[smashcamp.xyz/events/55.html]
[smashcamp.xyz/rails/active_storage/disk/eyJfcmFpbHMiOnsibWVzc2FnZSI6IkJBaDdDVG9JYTJWNVN/image.png_; filename_=UTF-8''image-7.png]
[smashcamp.xyz/rails/active_storage/disk/eyJfcmFpbHMiOnsibWVzc2FnZSI6IkJBaDdDVG9JYTJWNVN/image.png_; filename_=UTF-8''image-8.png]
[smashcamp.xyz/rails/active_storage/disk/eyJfcmFpbHMiOnsibWVzc2FnZSI6IkJBaDdDVG9JYTJWNVN/bingo board.png_; filename_=UTF-8''bingo%20board.png]
[smashcamp.xyz/rails/active_storage/disk/eyJfcmFpbHMiOnsibWVzc2FnZSI6IkJBaDdDVG9JYTJWNVN/bingo board.png_; filename_=UTF-8''bingo%20board-2.png]
[smashcamp.xyz/events/32.html]
[smashcamp.xyz/assets/SmashCampBingo-0f90dc17bca8e1d02ffe193cd7d8b5547e19c7e782ed1a99a446f8ba03ad32d1.png]
[smashcamp.xyz/events/54.html]
[smashcamp.xyz/website-puzzle.html]
[smashcamp.xyz/events/40.html]
[smashcamp.xyz/events/33.html]
[smashcamp.xyz/events/34.html]
[smashcamp.xyz/events/36.html]
[smashcamp.xyz/events/53.html]
[smashcamp.xyz/events/1.html]
[smashcamp.xyz/events/2.html]
[smashcamp.xyz/events/3.html]
[smashcamp.xyz/events/4.html]
[smashcamp.xyz/events/5.html]
[smashcamp.xyz/events/50.html]
[smashcamp.xyz/events/10.html]
[smashcamp.xyz/events/6.html]
[smashcamp.xyz/events/7.html]
[smashcamp.xyz/events/8.html]
[smashcamp.xyz/events/9.html]
[smashcamp.xyz/events/11.html]
[smashcamp.xyz/events/12.html]
[smashcamp.xyz/events/15.html]
[smashcamp.xyz/events/16.html]
[smashcamp.xyz/events/25.html]
[smashcamp.xyz/events/17.html]
[smashcamp.xyz/events/18.html]
[smashcamp.xyz/events/19.html]
[smashcamp.xyz/events/20.html]
[smashcamp.xyz/events/21.html]
[smashcamp.xyz/events/22.html]
[smashcamp.xyz/events/13.html]
[smashcamp.xyz/events/24.html]
[smashcamp.xyz/events/26.html]
[smashcamp.xyz/events/27.html]
[smashcamp.xyz/events/51.html]
[smashcamp.xyz/events/48.html]
[smashcamp.xyz/events/49.html]
[smashcamp.xyz/events/56.html]
[smashcamp.xyz/website-puzzle.html]
